<?xml version="1.0" encoding="UTF-8"?>
<testng-results ignored="0" total="1" passed="1" failed="0" skipped="0">
  <reporter-output>
  </reporter-output>
  <suite started-at="2024-11-05T13:50:27 IST" name="Default suite" finished-at="2024-11-05T13:50:55 IST" duration-ms="27663">
    <groups>
    </groups>
    <test started-at="2024-11-05T13:50:27 IST" name="Default test" finished-at="2024-11-05T13:50:55 IST" duration-ms="27663">
      <class name="testngpkg.Santamonica">
        <test-method is-config="true" signature="setup()[pri:0, instance:testngpkg.Santamonica@6404f418]" started-at="2024-11-05T13:50:27 IST" name="setup" finished-at="2024-11-05T13:50:55 IST" duration-ms="27531" status="PASS">
          <reporter-output>
          </reporter-output>
        </test-method> <!-- setup -->
        <test-method signature="test()[pri:0, instance:testngpkg.Santamonica@6404f418]" started-at="2024-11-05T13:50:55 IST" name="test" finished-at="2024-11-05T13:50:55 IST" duration-ms="27" status="PASS">
          <reporter-output>
          </reporter-output>
        </test-method> <!-- test -->
      </class> <!-- testngpkg.Santamonica -->
    </test> <!-- Default test -->
  </suite> <!-- Default suite -->
</testng-results>
